[38;5;0m[HTTP][0m [37m-->[39m [37mPOST[39m [37m/session[39m
[38;5;0m[HTTP][0m [90m{"capabilities":{"alwaysMatch":{"platformName":"Android","appium:deviceName":"fb98571c","appium:autoGrantPermissions":true,"appium:automationName":"UiAutomator2","appium:appPackage":"com.wdiodemoapp","appium:appActivity":"com.wdiodemoapp.MainActivity","appium:noReset":"true"},"firstMatch":[{}]},"desiredCapabilities":{"platformName":"Android","appium:deviceName":"fb98571c","appium:autoGrantPermissions":true,"appium:automationName":"UiAutomator2","appium:appPackage":"com.wdiodemoapp","appium:appActivity":"com.wdiodemoapp.MainActivity","appium:noReset":"true"}}[39m
[38;5;16m[AppiumDriver@5fd5][0m Calling AppiumDriver.createSession() with args: [{"platformName":"Android","appium:deviceName":"fb98571c","appium:autoGrantPermissions":true,"appium:automationName":"UiAutomator2","appium:appPackage":"com.wdiodemoapp","appium:appActivity":"com.wdiodemoapp.MainActivity","appium:noReset":"true"},null,{"alwaysMatch":{"platformName":"Android","appium:deviceName":"fb98571c","appium:autoGrantPermissions":true,"appium:automationName":"UiAutomator2","appium:appPackage":"com.wdiodemoapp","appium:appActivity":"com.wdiodemoapp.MainActivity","appium:noReset":"true"},"firstMatch":[{}]}]
[38;5;16m[AppiumDriver@5fd5][0m Event 'newSessionRequested' logged at 1700037326719 (13:35:26 GMT+0500 (Pakistan Standard Time))
[35m[Appium][39m Attempting to find matching driver for automationName 'UiAutomator2' and platformName 'Android'
[35m[Appium][39m The 'uiautomator2' driver was installed and matched caps.
[35m[Appium][39m Will require it at C:\Users\Hassan Ajmal\.appium\node_modules\appium-uiautomator2-driver
[35m[Appium][39m Requiring driver at C:\Users\Hassan Ajmal\.appium\node_modules\appium-uiautomator2-driver
[38;5;16m[AppiumDriver@5fd5][0m Appium v2.2.2 creating new AndroidUiautomator2Driver (v2.34.1) session
[38;5;16m[AppiumDriver@5fd5][0m Checking BaseDriver versions for Appium and AndroidUiautomator2Driver
[38;5;16m[AppiumDriver@5fd5][0m Appium's BaseDriver version is 9.4.2
[38;5;16m[AppiumDriver@5fd5][0m AndroidUiautomator2Driver's BaseDriver version is 9.4.2
[38;5;32m[AndroidUiautomator2Driver@50ec][0m Creating session with W3C capabilities: {
[38;5;32m[AndroidUiautomator2Driver@50ec][0m   "alwaysMatch": {
[38;5;32m[AndroidUiautomator2Driver@50ec][0m     "platformName": "Android",
[38;5;32m[AndroidUiautomator2Driver@50ec][0m     "appium:deviceName": "fb98571c",
[38;5;32m[AndroidUiautomator2Driver@50ec][0m     "appium:autoGrantPermissions": true,
[38;5;32m[AndroidUiautomator2Driver@50ec][0m     "appium:automationName": "UiAutomator2",
[38;5;32m[AndroidUiautomator2Driver@50ec][0m     "appium:appPackage": "com.wdiodemoapp",
[38;5;32m[AndroidUiautomator2Driver@50ec][0m     "appium:appActivity": "com.wdiodemoapp.MainActivity",
[38;5;32m[AndroidUiautomator2Driver@50ec][0m     "appium:noReset": "true"
[38;5;32m[AndroidUiautomator2Driver@50ec][0m   },
[38;5;32m[AndroidUiautomator2Driver@50ec][0m   "firstMatch": [
[38;5;32m[AndroidUiautomator2Driver@50ec][0m     {}
[38;5;32m[AndroidUiautomator2Driver@50ec][0m   ]
[38;5;32m[AndroidUiautomator2Driver@50ec][0m }
[38;5;32m[AndroidUiautomator2Driver@50ec][0m Capability 'noReset' changed from string to boolean. This may cause unexpected behavior
[38;5;32m[AndroidUiautomator2Driver@50ec (7d7bfa57)][0m Session created with session id: 7d7bfa57-6c7f-47a1-883b-b449de56bcfd
[38;5;32m[AndroidUiautomator2Driver@50ec (7d7bfa57)][0m Starting 'com.wdiodemoapp' directly on the device
[38;5;48m[ADB][0m Found 3 'build-tools' folders under 'C:\Users\Hassan Ajmal\AppData\Local\Android\Sdk' (newest first):
[38;5;48m[ADB][0m     C:\Users\Hassan Ajmal\AppData\Local\Android\Sdk\build-tools\34.0.0
[38;5;48m[ADB][0m     C:\Users\Hassan Ajmal\AppData\Local\Android\Sdk\build-tools\33.0.1
[38;5;48m[ADB][0m     C:\Users\Hassan Ajmal\AppData\Local\Android\Sdk\build-tools\30.0.3
[38;5;48m[ADB][0m Using 'adb.exe' from 'C:\Users\Hassan Ajmal\AppData\Local\Android\Sdk\platform-tools\adb.exe'
[38;5;48m[ADB][0m Running 'C:\Users\Hassan Ajmal\AppData\Local\Android\Sdk\platform-tools\adb.exe -P 5037 start-server'
[38;5;64m[AndroidDriver][0m Retrieving device list
[38;5;48m[ADB][0m Trying to find connected Android devices
[38;5;48m[ADB][0m Getting connected devices
[38;5;48m[ADB][0m Connected devices: [{"udid":"fb98571c","state":"device"}]
[38;5;64m[AndroidDriver][0m Using device: fb98571c
[38;5;48m[ADB][0m Using 'adb.exe' from 'C:\Users\Hassan Ajmal\AppData\Local\Android\Sdk\platform-tools\adb.exe'
[38;5;48m[ADB][0m Running 'C:\Users\Hassan Ajmal\AppData\Local\Android\Sdk\platform-tools\adb.exe -P 5037 start-server'
[38;5;48m[ADB][0m Setting device id to fb98571c
[38;5;48m[ADB][0m Running 'C:\Users\Hassan Ajmal\AppData\Local\Android\Sdk\platform-tools\adb.exe -P 5037 -s fb98571c shell getprop ro.build.version.sdk'
[38;5;48m[ADB][0m Current device property 'ro.build.version.sdk': 33
[38;5;48m[ADB][0m Getting device platform version
[38;5;48m[ADB][0m Running 'C:\Users\Hassan Ajmal\AppData\Local\Android\Sdk\platform-tools\adb.exe -P 5037 -s fb98571c shell getprop ro.build.version.release'
[38;5;48m[ADB][0m Current device property 'ro.build.version.release': 13
[38;5;48m[ADB][0m Device API level: 33
[38;5;32m[AndroidUiautomator2Driver@50ec (7d7bfa57)][0m Relaxing hidden api policy
[38;5;48m[ADB][0m Running 'C:\Users\Hassan Ajmal\AppData\Local\Android\Sdk\platform-tools\adb.exe -P 5037 -s fb98571c shell 'settings put global hidden_api_policy_pre_p_apps 1;settings put global hidden_api_policy_p_apps 1;settings put global hidden_api_policy 1''
[38;5;64m[AndroidDriver][0m No app sent in, not parsing package/activity
[38;5;64m[AndroidDriver][0m Pushing settings apk to device...
[38;5;48m[ADB][0m Getting package info for 'io.appium.settings'
[38;5;48m[ADB][0m Running 'C:\Users\Hassan Ajmal\AppData\Local\Android\Sdk\platform-tools\adb.exe -P 5037 -s fb98571c shell dumpsys package io.appium.settings'
[38;5;48m[ADB][0m The version name of the installed 'io.appium.settings' is greater or equal to the application version name ('5.2.0' >= '5.2.0')
[38;5;48m[ADB][0m There is no need to install/upgrade 'C:\Users\Hassan Ajmal\.appium\node_modules\appium-uiautomator2-driver\node_modules\io.appium.settings\apks\settings_apk-debug.apk'
[38;5;48m[ADB][0m Getting IDs of all 'io.appium.settings' processes
[38;5;48m[ADB][0m Running 'C:\Users\Hassan Ajmal\AppData\Local\Android\Sdk\platform-tools\adb.exe -P 5037 -s fb98571c shell 'pgrep --help; echo $?''
[38;5;48m[ADB][0m Running 'C:\Users\Hassan Ajmal\AppData\Local\Android\Sdk\platform-tools\adb.exe -P 5037 -s fb98571c shell pgrep -f \(\[\[:blank:\]\]\|\^\)io\.appium\.settings\(\[\[:blank:\]\]\|\$\)'
[38;5;64m[AndroidDriver][0m io.appium.settings is already running. There is no need to reset its permissions.
[38;5;48m[ADB][0m Running 'C:\Users\Hassan Ajmal\AppData\Local\Android\Sdk\platform-tools\adb.exe -P 5037 -s fb98571c shell appops set io.appium.settings android:mock_location allow'
[38;5;48m[ADB][0m Running 'C:\Users\Hassan Ajmal\AppData\Local\Android\Sdk\platform-tools\adb.exe -P 5037 -s fb98571c shell "[ -e '/data/local/tmp/mock_apps.json' ] && echo __PASS__"'
[38;5;48m[ADB][0m Running 'C:\Users\Hassan Ajmal\AppData\Local\Android\Sdk\platform-tools\adb.exe -P 5037 -s fb98571c shell cat /data/local/tmp/mock_apps.json'
[38;5;80m[Logcat][0m Starting logs capture with command: 'C:\\Users\\Hassan Ajmal\\AppData\\Local\\Android\\Sdk\\platform-tools\\adb.exe' -P 5037 -s fb98571c logcat -v threadtime
[38;5;32m[AndroidUiautomator2Driver@50ec (7d7bfa57)][0m Forwarding UiAutomator2 Server port 6790 to local port 8200
[38;5;48m[ADB][0m Forwarding system: 8200 to device: 6790
[38;5;48m[ADB][0m Running 'C:\Users\Hassan Ajmal\AppData\Local\Android\Sdk\platform-tools\adb.exe -P 5037 -s fb98571c forward tcp:8200 tcp:6790'
[38;5;48m[ADB][0m Checking app cert for C:\Users\Hassan Ajmal\.appium\node_modules\appium-uiautomator2-driver\node_modules\appium-uiautomator2-server\apks\appium-uiautomator2-server-v5.12.16.apk
[38;5;48m[ADB][0m Checking app cert for C:\Users\Hassan Ajmal\.appium\node_modules\appium-uiautomator2-driver\node_modules\appium-uiautomator2-server\apks\appium-uiautomator2-server-debug-androidTest.apk
[38;5;48m[ADB][0m Using 'apksigner.jar' from 'C:\Users\Hassan Ajmal\AppData\Local\Android\Sdk\build-tools\34.0.0\lib\apksigner.jar'
[38;5;48m[ADB][0m Starting apksigner: 'C:\\Program Files\\OpenLogic\\jdk-17.0.9.9-hotspot\\bin\\java.exe' -Xmx1024M -Xss1m -jar 'C:\\Users\\Hassan Ajmal\\AppData\\Local\\Android\\Sdk\\build-tools\\34.0.0\\lib\\apksigner.jar' verify --print-certs 'C:\\Users\\Hassan Ajmal\\.appium\\node_modules\\appium-uiautomator2-driver\\node_modules\\appium-uiautomator2-server\\apks\\appium-uiautomator2-server-debug-androidTest.apk'
[38;5;48m[ADB][0m Starting apksigner: 'C:\\Program Files\\OpenLogic\\jdk-17.0.9.9-hotspot\\bin\\java.exe' -Xmx1024M -Xss1m -jar 'C:\\Users\\Hassan Ajmal\\AppData\\Local\\Android\\Sdk\\build-tools\\34.0.0\\lib\\apksigner.jar' verify --print-certs 'C:\\Users\\Hassan Ajmal\\.appium\\node_modules\\appium-uiautomator2-driver\\node_modules\\appium-uiautomator2-server\\apks\\appium-uiautomator2-server-v5.12.16.apk'
[38;5;48m[ADB][0m apksigner stdout: Signer #1 certificate DN: EMAILADDRESS=android@android.com, CN=Android, OU=Android, O=Android, L=Mountain View, ST=California, C=US
[38;5;48m[ADB][0m Signer #1 certificate SHA-256 digest: a40da80a59d170caa950cf15c18c454d47a39b26989d8b640ecd745ba71bf5dc
[38;5;48m[ADB][0m Signer #1 certificate SHA-1 digest: 61ed377e85d386a8dfee6b864bd85b0bfaa5af81
[38;5;48m[ADB][0m Signer #1 certificate MD5 digest: e89b158e4bcf988ebd09eb83f5378e87
[38;5;48m[ADB][0m 
[38;5;48m[ADB][0m sha256 hash did match for 'appium-uiautomator2-server-debug-androidTest.apk'
[38;5;48m[ADB][0m 'C:\Users\Hassan Ajmal\.appium\node_modules\appium-uiautomator2-driver\node_modules\appium-uiautomator2-server\apks\appium-uiautomator2-server-debug-androidTest.apk' is signed with the default certificate
[38;5;48m[ADB][0m Getting install status for io.appium.uiautomator2.server.test
[38;5;48m[ADB][0m Running 'C:\Users\Hassan Ajmal\AppData\Local\Android\Sdk\platform-tools\adb.exe -P 5037 -s fb98571c shell pm path io.appium.uiautomator2.server.test'
[38;5;48m[ADB][0m 'io.appium.uiautomator2.server.test' is installed
[38;5;48m[ADB][0m apksigner stdout: Signer #1 certificate DN: EMAILADDRESS=android@android.com, CN=Android, OU=Android, O=Android, L=Mountain View, ST=California, C=US
[38;5;48m[ADB][0m Signer #1 certificate SHA-256 digest: a40da80a59d170caa950cf15c18c454d47a39b26989d8b640ecd745ba71bf5dc
[38;5;48m[ADB][0m Signer #1 certificate SHA-1 digest: 61ed377e85d386a8dfee6b864bd85b0bfaa5af81
[38;5;48m[ADB][0m Signer #1 certificate MD5 digest: e89b158e4bcf988ebd09eb83f5378e87
[38;5;48m[ADB][0m 
[38;5;48m[ADB][0m sha256 hash did match for 'appium-uiautomator2-server-v5.12.16.apk'
[38;5;48m[ADB][0m 'C:\Users\Hassan Ajmal\.appium\node_modules\appium-uiautomator2-driver\node_modules\appium-uiautomator2-server\apks\appium-uiautomator2-server-v5.12.16.apk' is signed with the default certificate
[38;5;48m[ADB][0m Getting package info for 'io.appium.uiautomator2.server'
[38;5;48m[ADB][0m Running 'C:\Users\Hassan Ajmal\AppData\Local\Android\Sdk\platform-tools\adb.exe -P 5037 -s fb98571c shell dumpsys package io.appium.uiautomator2.server'
[38;5;48m[ADB][0m The version name of the installed 'io.appium.uiautomator2.server' is greater or equal to the application version name ('5.12.16' >= '5.12.16')
[38;5;32m[AndroidUiautomator2Driver@50ec (7d7bfa57)][0m Server packages status: [{"wasSigned":true,"installState":"sameVersionInstalled","appPath":"C:\\Users\\Hassan Ajmal\\.appium\\node_modules\\appium-uiautomator2-driver\\node_modules\\appium-uiautomator2-server\\apks\\appium-uiautomator2-server-v5.12.16.apk","appId":"io.appium.uiautomator2.server"},{"wasSigned":true,"installState":"sameVersionInstalled","appPath":"C:\\Users\\Hassan Ajmal\\.appium\\node_modules\\appium-uiautomator2-driver\\node_modules\\appium-uiautomator2-server\\apks\\appium-uiautomator2-server-debug-androidTest.apk","appId":"io.appium.uiautomator2.server.test"}]
[38;5;32m[AndroidUiautomator2Driver@50ec (7d7bfa57)][0m Server packages are not going to be (re)installed
[38;5;32m[AndroidUiautomator2Driver@50ec (7d7bfa57)][0m Waiting up to 30000ms for services to be available
[38;5;48m[ADB][0m Running 'C:\Users\Hassan Ajmal\AppData\Local\Android\Sdk\platform-tools\adb.exe -P 5037 -s fb98571c shell pm list instrumentation'
[38;5;32m[AndroidUiautomator2Driver@50ec (7d7bfa57)][0m Instrumentation target 'io.appium.uiautomator2.server.test/androidx.test.runner.AndroidJUnitRunner' is available
[38;5;48m[ADB][0m Adding packages ["io.appium.settings","io.appium.uiautomator2.server","io.appium.uiautomator2.server.test"] to Doze whitelist
[38;5;48m[ADB][0m Got the following command chunks to execute: [["dumpsys","deviceidle","whitelist","+io.appium.settings",";","dumpsys","deviceidle","whitelist","+io.appium.uiautomator2.server",";","dumpsys","deviceidle","whitelist","+io.appium.uiautomator2.server.test",";"]]
[38;5;48m[ADB][0m Running 'C:\Users\Hassan Ajmal\AppData\Local\Android\Sdk\platform-tools\adb.exe -P 5037 -s fb98571c shell dumpsys deviceidle whitelist +io.appium.settings ; dumpsys deviceidle whitelist +io.appium.uiautomator2.server ; dumpsys deviceidle whitelist +io.appium.uiautomator2.server.test ;'
[38;5;32m[AndroidUiautomator2Driver@50ec (7d7bfa57)][0m No app capability. Assuming it is already on the device
[38;5;32m[AndroidUiautomator2Driver@50ec (7d7bfa57)][0m Performing shallow cleanup of automation leftovers
[38;5;32m[AndroidUiautomator2Driver@50ec (7d7bfa57)][0m No obsolete sessions have been detected (socket hang up)
[38;5;48m[ADB][0m Running 'C:\Users\Hassan Ajmal\AppData\Local\Android\Sdk\platform-tools\adb.exe -P 5037 -s fb98571c shell am force-stop io.appium.uiautomator2.server.test'
[38;5;32m[AndroidUiautomator2Driver@50ec (7d7bfa57)][0m Starting UIAutomator2 server 5.12.16
[38;5;32m[AndroidUiautomator2Driver@50ec (7d7bfa57)][0m Using UIAutomator2 server from 'C:\Users\Hassan Ajmal\.appium\node_modules\appium-uiautomator2-driver\node_modules\appium-uiautomator2-server\apks\appium-uiautomator2-server-v5.12.16.apk' and test from 'C:\Users\Hassan Ajmal\.appium\node_modules\appium-uiautomator2-driver\node_modules\appium-uiautomator2-server\apks\appium-uiautomator2-server-debug-androidTest.apk'
[38;5;32m[AndroidUiautomator2Driver@50ec (7d7bfa57)][0m Waiting up to 30000ms for UiAutomator2 to be online...
[38;5;48m[ADB][0m Creating ADB subprocess with args: ["-P","5037","-s","fb98571c","shell","am","instrument","-w","-e","disableAnalytics","true","io.appium.uiautomator2.server.test/androidx.test.runner.AndroidJUnitRunner"]
[38;5;32m[AndroidUiautomator2Driver@50ec (7d7bfa57)][0m Matched '/status' to command name 'getStatus'
[38;5;32m[AndroidUiautomator2Driver@50ec (7d7bfa57)][0m Proxying [GET /status] to [GET http://127.0.0.1:8200/status] with no body
[38;5;32m[AndroidUiautomator2Driver@50ec (7d7bfa57)][0m socket hang up
[38;5;32m[AndroidUiautomator2Driver@50ec (7d7bfa57)][0m Matched '/status' to command name 'getStatus'
[38;5;32m[AndroidUiautomator2Driver@50ec (7d7bfa57)][0m Proxying [GET /status] to [GET http://127.0.0.1:8200/status] with no body
[38;5;32m[AndroidUiautomator2Driver@50ec (7d7bfa57)][0m socket hang up
[38;5;96m[Instrumentation][0m io.appium.uiautomator2.server.test.AppiumUiAutomator2Server:
[38;5;32m[AndroidUiautomator2Driver@50ec (7d7bfa57)][0m Matched '/status' to command name 'getStatus'
[38;5;32m[AndroidUiautomator2Driver@50ec (7d7bfa57)][0m Proxying [GET /status] to [GET http://127.0.0.1:8200/status] with no body
[38;5;32m[AndroidUiautomator2Driver@50ec (7d7bfa57)][0m socket hang up
[38;5;32m[AndroidUiautomator2Driver@50ec (7d7bfa57)][0m Matched '/status' to command name 'getStatus'
[38;5;32m[AndroidUiautomator2Driver@50ec (7d7bfa57)][0m Proxying [GET /status] to [GET http://127.0.0.1:8200/status] with no body
[38;5;32m[AndroidUiautomator2Driver@50ec (7d7bfa57)][0m socket hang up
[38;5;32m[AndroidUiautomator2Driver@50ec (7d7bfa57)][0m Matched '/status' to command name 'getStatus'
[38;5;32m[AndroidUiautomator2Driver@50ec (7d7bfa57)][0m Proxying [GET /status] to [GET http://127.0.0.1:8200/status] with no body
[38;5;32m[AndroidUiautomator2Driver@50ec (7d7bfa57)][0m Got response with status 200: {"sessionId":"None","value":{"message":"UiAutomator2 Server is ready to accept commands","ready":true}}
[38;5;32m[AndroidUiautomator2Driver@50ec (7d7bfa57)][0m The initialization of the instrumentation process took 4224ms
[38;5;32m[AndroidUiautomator2Driver@50ec (7d7bfa57)][0m Matched '/session' to command name 'createSession'
[38;5;32m[AndroidUiautomator2Driver@50ec (7d7bfa57)][0m Proxying [POST /session] to [POST http://127.0.0.1:8200/session] with body: {"capabilities":{"firstMatch":[{"platformName":"Android","deviceName":"fb98571c","autoGrantPermissions":true,"automationName":"UiAutomator2","appPackage":"com.wdiodemoapp","appActivity":"com.wdiodemoapp.MainActivity","noReset":true,"platform":"LINUX","webStorageEnabled":false,"takesScreenshot":true,"javascriptEnabled":true,"databaseEnabled":false,"networkConnectionEnabled":true,"locationContextEnabled":false,"warnings":{},"desired":{"platformName":"Android","deviceName":"fb98571c","autoGrantPermissions":true,"automationName":"UiAutomator2","appPackage":"com.wdiodemoapp","appActivity":"com.wdiodemoapp.MainActivity","noReset":true},"deviceUDID":"fb98571c"}],"alwaysMatch":{}}}
[38;5;32m[AndroidUiautomator2Driver@50ec (7d7bfa57)][0m Got response with status 200: {"sessionId":"ee6a347d-8e43-4977-98e8-04ed68e4ffb9","value":{"capabilities":{"firstMatch":[{"platformName":"Android","deviceName":"fb98571c","autoGrantPermissions":true,"automationName":"UiAutomator2","appPackage":"com.wdiodemoapp","appActivity":"com.wdiodemoapp.MainActivity","noReset":true,"platform":"LINUX","webStorageEnabled":false,"takesScreenshot":true,"javascriptEnabled":true,"databaseEnabled":false,"networkConnectionEnabled":true,"locationContextEnabled":false,"warnings":{},"desired":{"platformName":"Android","deviceName":"fb98571c","autoGrantPermissions":true,"automationName":"UiAutomator2","appPackage":"com.wdiodemoapp","appActivity":"com.wdiodemoapp.MainActivity","noReset":true},"deviceUDID":"fb98571c"}],"alwaysMatch":{}},"sessionId":"ee6a347d-8e43-4977-98e8-04ed68e4ffb9"}}
[38;5;32m[AndroidUiautomator2Driver@50ec (7d7bfa57)][0m Determined the downstream protocol as 'W3C'
[38;5;32m[AndroidUiautomator2Driver@50ec (7d7bfa57)][0m Proxying [GET /appium/device/pixel_ratio] to [GET http://127.0.0.1:8200/session/ee6a347d-8e43-4977-98e8-04ed68e4ffb9/appium/device/pixel_ratio] with no body
[38;5;32m[AndroidUiautomator2Driver@50ec (7d7bfa57)][0m Matched '/appium/device/system_bars' to command name 'getSystemBars'
[38;5;32m[AndroidUiautomator2Driver@50ec (7d7bfa57)][0m Proxying [GET /appium/device/system_bars] to [GET http://127.0.0.1:8200/session/ee6a347d-8e43-4977-98e8-04ed68e4ffb9/appium/device/system_bars] with no body
[38;5;32m[AndroidUiautomator2Driver@50ec (7d7bfa57)][0m Matched '/window/current/size' to command name 'getWindowSize'
[38;5;32m[AndroidUiautomator2Driver@50ec (7d7bfa57)][0m Proxying [GET /window/current/size] to [GET http://127.0.0.1:8200/session/ee6a347d-8e43-4977-98e8-04ed68e4ffb9/window/current/size] with no body
[38;5;32m[AndroidUiautomator2Driver@50ec (7d7bfa57)][0m Proxying [GET /appium/device/info] to [GET http://127.0.0.1:8200/session/ee6a347d-8e43-4977-98e8-04ed68e4ffb9/appium/device/info] with no body
[38;5;48m[ADB][0m Running 'C:\Users\Hassan Ajmal\AppData\Local\Android\Sdk\platform-tools\adb.exe -P 5037 -s fb98571c shell dumpsys window'
[38;5;32m[AndroidUiautomator2Driver@50ec (7d7bfa57)][0m Got response with status 200: {"sessionId":"ee6a347d-8e43-4977-98e8-04ed68e4ffb9","value":2.75}
[38;5;32m[AndroidUiautomator2Driver@50ec (7d7bfa57)][0m Got response with status 200: {"sessionId":"ee6a347d-8e43-4977-98e8-04ed68e4ffb9","value":{"statusBar":93}}
[38;5;32m[AndroidUiautomator2Driver@50ec (7d7bfa57)][0m Got response with status 200: {"sessionId":"ee6a347d-8e43-4977-98e8-04ed68e4ffb9","value":{"height":2177,"width":1080}}
[38;5;32m[AndroidUiautomator2Driver@50ec (7d7bfa57)][0m Got response with status 200: {"sessionId":"ee6a347d-8e43-4977-98e8-04ed68e4ffb9","value":{"androidId":"ff8e492e04b3f6e8","apiVersion":"33","bluetooth":{"state":"OFF"},"brand":"Redmi","carrierName":"ZONG","displayDensity":440,"locale":"en_GB","manufacturer":"Xiaomi","model":"2201117TG","networks":[{"capabilities":{"SSID":null,"linkDownBandwidthKbps":32666,"linkUpstreamBandwidthKbps":7900,"networkCapabilities":"NET_CAPABILITY_NOT_METERED,NET_CAPABILITY_INTERNET,NET_CAPABILITY_NOT_RESTRICTED,NET_CAPABILITY_TRUSTED,NET_CAPABILITY_NOT_VPN,NET_CAPABILITY_VALIDATED,NET_CAPABILITY_NOT_ROAMING,NET_CAPABILITY_FOREGROUND,NET_CAPABILITY_NOT_CONGESTED,NET_CAPABILITY_NOT_SUSPENDED","signalStrength":-56,"transportTypes":"TRANSPORT_WIFI"},"detailedState":"CONNECTED","extraInfo":"","isAvailable":true,"isConnected":true,"isFailover":false,"isRoaming":false,"state":"CONNECTED","subtype":-1,"subtypeName":"","type":1,"typeName":"WIFI"}],"platformVersion":"13","realDisplaySize":"1080x2400","timeZone":"Asia/Karachi"}}
[38;5;64m[AndroidDriver][0m Screen already unlocked, doing nothing
[38;5;32m[AndroidUiautomator2Driver@50ec (7d7bfa57)][0m Starting 'com.wdiodemoapp/com.wdiodemoapp.MainActivity and waiting for 'com.wdiodemoapp/com.wdiodemoapp.MainActivity'
[38;5;48m[ADB][0m Getting IDs of all 'com.wdiodemoapp' processes
[38;5;48m[ADB][0m Running 'C:\Users\Hassan Ajmal\AppData\Local\Android\Sdk\platform-tools\adb.exe -P 5037 -s fb98571c shell pgrep -f \(\[\[:blank:\]\]\|\^\)com\.wdiodemoapp\(\[\[:blank:\]\]\|\$\)'
[38;5;32m[AndroidUiautomator2Driver@50ec (7d7bfa57)][0m 'com.wdiodemoapp' is already running and noReset is enabled. Set forceAppLaunch capability to true if the app must be forcefully restarted on session startup.
[38;5;16m[AppiumDriver@5fd5][0m New AndroidUiautomator2Driver session created successfully, session 7d7bfa57-6c7f-47a1-883b-b449de56bcfd added to master session list
[38;5;16m[AppiumDriver@5fd5][0m Event 'newSessionStarted' logged at 1700037335707 (13:35:35 GMT+0500 (Pakistan Standard Time))
[38;5;32m[AndroidUiautomator2Driver@50ec (7d7bfa57)][0m Cached the protocol value 'W3C' for the new session 7d7bfa57-6c7f-47a1-883b-b449de56bcfd
[38;5;32m[AndroidUiautomator2Driver@50ec (7d7bfa57)][0m Responding to client with driver.createSession() result: {"capabilities":{"platformName":"Android","deviceName":"fb98571c","autoGrantPermissions":true,"automationName":"UiAutomator2","appPackage":"com.wdiodemoapp","appActivity":"com.wdiodemoapp.MainActivity","noReset":true,"platform":"LINUX","webStorageEnabled":false,"takesScreenshot":true,"javascriptEnabled":true,"databaseEnabled":false,"networkConnectionEnabled":true,"locationContextEnabled":false,"warnings":{},"desired":{"platformName":"Android","deviceName":"fb98571c","autoGrantPermissions":true,"automationName":"UiAutomator2","appPackage":"com.wdiodemoapp","appActivity":"com.wdiodemoapp.MainActivity","noReset":true},"deviceUDID":"fb98571c","pixelRatio":"2.75","statBarHeight":93,"viewportRect":{"left":0,"top":93,"width":1080,"height":2084},"deviceApiLevel":33,"platformVersion":"13","deviceManufacturer":"Xiaomi","deviceModel":"2201117TG","deviceScreenSize":"1080x2400","deviceScreenDensity":440}}
[38;5;0m[HTTP][0m [37m<-- POST /session [39m[32m200[39m [90m8998 ms - 966[39m
[38;5;0m[HTTP][0m [90m[39m
[38;5;0m[HTTP][0m [37m-->[39m [37mPOST[39m [37m/session/7d7bfa57-6c7f-47a1-883b-b449de56bcfd/url[39m
[38;5;0m[HTTP][0m [90m{"url":"https://the-internet.herokuapp.com/login"}[39m
[38;5;32m[AndroidUiautomator2Driver@50ec (7d7bfa57)][0m Calling AppiumDriver.setUrl() with args: ["https://the-internet.herokuapp.com/login","7d7bfa57-6c7f-47a1-883b-b449de56bcfd"]
[38;5;48m[ADB][0m Running 'C:\Users\Hassan Ajmal\AppData\Local\Android\Sdk\platform-tools\adb.exe -P 5037 -s fb98571c shell am start -W -a android.intent.action.VIEW -d https://the-internet.herokuapp.com/login com.wdiodemoapp'
[38;5;32m[AndroidUiautomator2Driver@50ec (7d7bfa57)][0m Encountered internal error running command: Error: Error attempting to start URI. Original error: Error: Starting: Intent { act=android.intent.action.VIEW dat=https://the-internet.herokuapp.com/... pkg=com.wdiodemoapp }
[38;5;32m[AndroidUiautomator2Driver@50ec (7d7bfa57)][0m Error: Activity not started, unable to resolve Intent { act=android.intent.action.VIEW dat=https://the-internet.herokuapp.com/... flg=0x10000000 pkg=com.wdiodemoapp }
[38;5;32m[AndroidUiautomator2Driver@50ec (7d7bfa57)][0m     at ADB.startUri (C:\Users\Hassan Ajmal\.appium\node_modules\appium-uiautomator2-driver\node_modules\appium-adb\lib\tools\apk-utils.js:90:11)
[38;5;32m[AndroidUiautomator2Driver@50ec (7d7bfa57)][0m     at AndroidUiautomator2Driver.setUrl (C:\Users\Hassan Ajmal\.appium\node_modules\appium-uiautomator2-driver\lib\commands\general.js:193:5)
[38;5;0m[HTTP][0m [37m<-- POST /session/7d7bfa57-6c7f-47a1-883b-b449de56bcfd/url [39m[31m500[39m [90m208 ms - 1238[39m
[38;5;0m[HTTP][0m [90m[39m
[38;5;0m[HTTP][0m [37m-->[39m [37mPOST[39m [37m/session/7d7bfa57-6c7f-47a1-883b-b449de56bcfd/url[39m
[38;5;0m[HTTP][0m [90m{"url":"https://the-internet.herokuapp.com/login"}[39m
[38;5;32m[AndroidUiautomator2Driver@50ec (7d7bfa57)][0m Calling AppiumDriver.setUrl() with args: ["https://the-internet.herokuapp.com/login","7d7bfa57-6c7f-47a1-883b-b449de56bcfd"]
[38;5;48m[ADB][0m Running 'C:\Users\Hassan Ajmal\AppData\Local\Android\Sdk\platform-tools\adb.exe -P 5037 -s fb98571c shell am start -W -a android.intent.action.VIEW -d https://the-internet.herokuapp.com/login com.wdiodemoapp'
[38;5;32m[AndroidUiautomator2Driver@50ec (7d7bfa57)][0m Encountered internal error running command: Error: Error attempting to start URI. Original error: Error: Starting: Intent { act=android.intent.action.VIEW dat=https://the-internet.herokuapp.com/... pkg=com.wdiodemoapp }
[38;5;32m[AndroidUiautomator2Driver@50ec (7d7bfa57)][0m Error: Activity not started, unable to resolve Intent { act=android.intent.action.VIEW dat=https://the-internet.herokuapp.com/... flg=0x10000000 pkg=com.wdiodemoapp }
[38;5;32m[AndroidUiautomator2Driver@50ec (7d7bfa57)][0m     at ADB.startUri (C:\Users\Hassan Ajmal\.appium\node_modules\appium-uiautomator2-driver\node_modules\appium-adb\lib\tools\apk-utils.js:90:11)
[38;5;32m[AndroidUiautomator2Driver@50ec (7d7bfa57)][0m     at AndroidUiautomator2Driver.setUrl (C:\Users\Hassan Ajmal\.appium\node_modules\appium-uiautomator2-driver\lib\commands\general.js:193:5)
[38;5;0m[HTTP][0m [37m<-- POST /session/7d7bfa57-6c7f-47a1-883b-b449de56bcfd/url [39m[31m500[39m [90m150 ms - 1238[39m
[38;5;0m[HTTP][0m [90m[39m
[38;5;0m[HTTP][0m [37m-->[39m [37mPOST[39m [37m/session/7d7bfa57-6c7f-47a1-883b-b449de56bcfd/url[39m
[38;5;0m[HTTP][0m [90m{"url":"https://the-internet.herokuapp.com/login"}[39m
[38;5;32m[AndroidUiautomator2Driver@50ec (7d7bfa57)][0m Calling AppiumDriver.setUrl() with args: ["https://the-internet.herokuapp.com/login","7d7bfa57-6c7f-47a1-883b-b449de56bcfd"]
[38;5;48m[ADB][0m Running 'C:\Users\Hassan Ajmal\AppData\Local\Android\Sdk\platform-tools\adb.exe -P 5037 -s fb98571c shell am start -W -a android.intent.action.VIEW -d https://the-internet.herokuapp.com/login com.wdiodemoapp'
[38;5;32m[AndroidUiautomator2Driver@50ec (7d7bfa57)][0m Encountered internal error running command: Error: Error attempting to start URI. Original error: Error: Starting: Intent { act=android.intent.action.VIEW dat=https://the-internet.herokuapp.com/... pkg=com.wdiodemoapp }
[38;5;32m[AndroidUiautomator2Driver@50ec (7d7bfa57)][0m Error: Activity not started, unable to resolve Intent { act=android.intent.action.VIEW dat=https://the-internet.herokuapp.com/... flg=0x10000000 pkg=com.wdiodemoapp }
[38;5;32m[AndroidUiautomator2Driver@50ec (7d7bfa57)][0m     at ADB.startUri (C:\Users\Hassan Ajmal\.appium\node_modules\appium-uiautomator2-driver\node_modules\appium-adb\lib\tools\apk-utils.js:90:11)
[38;5;32m[AndroidUiautomator2Driver@50ec (7d7bfa57)][0m     at AndroidUiautomator2Driver.setUrl (C:\Users\Hassan Ajmal\.appium\node_modules\appium-uiautomator2-driver\lib\commands\general.js:193:5)
[38;5;0m[HTTP][0m [37m<-- POST /session/7d7bfa57-6c7f-47a1-883b-b449de56bcfd/url [39m[31m500[39m [90m168 ms - 1238[39m
[38;5;0m[HTTP][0m [90m[39m
[38;5;0m[HTTP][0m [37m-->[39m [37mPOST[39m [37m/session/7d7bfa57-6c7f-47a1-883b-b449de56bcfd/url[39m
[38;5;0m[HTTP][0m [90m{"url":"https://the-internet.herokuapp.com/login"}[39m
[38;5;32m[AndroidUiautomator2Driver@50ec (7d7bfa57)][0m Calling AppiumDriver.setUrl() with args: ["https://the-internet.herokuapp.com/login","7d7bfa57-6c7f-47a1-883b-b449de56bcfd"]
[38;5;48m[ADB][0m Running 'C:\Users\Hassan Ajmal\AppData\Local\Android\Sdk\platform-tools\adb.exe -P 5037 -s fb98571c shell am start -W -a android.intent.action.VIEW -d https://the-internet.herokuapp.com/login com.wdiodemoapp'
[38;5;32m[AndroidUiautomator2Driver@50ec (7d7bfa57)][0m Encountered internal error running command: Error: Error attempting to start URI. Original error: Error: Starting: Intent { act=android.intent.action.VIEW dat=https://the-internet.herokuapp.com/... pkg=com.wdiodemoapp }
[38;5;32m[AndroidUiautomator2Driver@50ec (7d7bfa57)][0m Error: Activity not started, unable to resolve Intent { act=android.intent.action.VIEW dat=https://the-internet.herokuapp.com/... flg=0x10000000 pkg=com.wdiodemoapp }
[38;5;32m[AndroidUiautomator2Driver@50ec (7d7bfa57)][0m     at ADB.startUri (C:\Users\Hassan Ajmal\.appium\node_modules\appium-uiautomator2-driver\node_modules\appium-adb\lib\tools\apk-utils.js:90:11)
[38;5;32m[AndroidUiautomator2Driver@50ec (7d7bfa57)][0m     at AndroidUiautomator2Driver.setUrl (C:\Users\Hassan Ajmal\.appium\node_modules\appium-uiautomator2-driver\lib\commands\general.js:193:5)
[38;5;0m[HTTP][0m [37m<-- POST /session/7d7bfa57-6c7f-47a1-883b-b449de56bcfd/url [39m[31m500[39m [90m137 ms - 1238[39m
[38;5;0m[HTTP][0m [90m[39m
[38;5;0m[HTTP][0m [37m-->[39m [37mPOST[39m [37m/session/7d7bfa57-6c7f-47a1-883b-b449de56bcfd/url[39m
[38;5;0m[HTTP][0m [90m{"url":"https://the-internet.herokuapp.com/login"}[39m
[38;5;32m[AndroidUiautomator2Driver@50ec (7d7bfa57)][0m Calling AppiumDriver.setUrl() with args: ["https://the-internet.herokuapp.com/login","7d7bfa57-6c7f-47a1-883b-b449de56bcfd"]
[38;5;48m[ADB][0m Running 'C:\Users\Hassan Ajmal\AppData\Local\Android\Sdk\platform-tools\adb.exe -P 5037 -s fb98571c shell am start -W -a android.intent.action.VIEW -d https://the-internet.herokuapp.com/login com.wdiodemoapp'
[38;5;32m[AndroidUiautomator2Driver@50ec (7d7bfa57)][0m Encountered internal error running command: Error: Error attempting to start URI. Original error: Error: Starting: Intent { act=android.intent.action.VIEW dat=https://the-internet.herokuapp.com/... pkg=com.wdiodemoapp }
[38;5;32m[AndroidUiautomator2Driver@50ec (7d7bfa57)][0m Error: Activity not started, unable to resolve Intent { act=android.intent.action.VIEW dat=https://the-internet.herokuapp.com/... flg=0x10000000 pkg=com.wdiodemoapp }
[38;5;32m[AndroidUiautomator2Driver@50ec (7d7bfa57)][0m     at ADB.startUri (C:\Users\Hassan Ajmal\.appium\node_modules\appium-uiautomator2-driver\node_modules\appium-adb\lib\tools\apk-utils.js:90:11)
[38;5;32m[AndroidUiautomator2Driver@50ec (7d7bfa57)][0m     at AndroidUiautomator2Driver.setUrl (C:\Users\Hassan Ajmal\.appium\node_modules\appium-uiautomator2-driver\lib\commands\general.js:193:5)
[38;5;0m[HTTP][0m [37m<-- POST /session/7d7bfa57-6c7f-47a1-883b-b449de56bcfd/url [39m[31m500[39m [90m139 ms - 1238[39m
[38;5;0m[HTTP][0m [90m[39m
[38;5;0m[HTTP][0m [37m-->[39m [37mPOST[39m [37m/session/7d7bfa57-6c7f-47a1-883b-b449de56bcfd/url[39m
[38;5;0m[HTTP][0m [90m{"url":"https://the-internet.herokuapp.com/login"}[39m
[38;5;32m[AndroidUiautomator2Driver@50ec (7d7bfa57)][0m Calling AppiumDriver.setUrl() with args: ["https://the-internet.herokuapp.com/login","7d7bfa57-6c7f-47a1-883b-b449de56bcfd"]
[38;5;48m[ADB][0m Running 'C:\Users\Hassan Ajmal\AppData\Local\Android\Sdk\platform-tools\adb.exe -P 5037 -s fb98571c shell am start -W -a android.intent.action.VIEW -d https://the-internet.herokuapp.com/login com.wdiodemoapp'
[38;5;32m[AndroidUiautomator2Driver@50ec (7d7bfa57)][0m Encountered internal error running command: Error: Error attempting to start URI. Original error: Error: Starting: Intent { act=android.intent.action.VIEW dat=https://the-internet.herokuapp.com/... pkg=com.wdiodemoapp }
[38;5;32m[AndroidUiautomator2Driver@50ec (7d7bfa57)][0m Error: Activity not started, unable to resolve Intent { act=android.intent.action.VIEW dat=https://the-internet.herokuapp.com/... flg=0x10000000 pkg=com.wdiodemoapp }
[38;5;32m[AndroidUiautomator2Driver@50ec (7d7bfa57)][0m     at ADB.startUri (C:\Users\Hassan Ajmal\.appium\node_modules\appium-uiautomator2-driver\node_modules\appium-adb\lib\tools\apk-utils.js:90:11)
[38;5;32m[AndroidUiautomator2Driver@50ec (7d7bfa57)][0m     at AndroidUiautomator2Driver.setUrl (C:\Users\Hassan Ajmal\.appium\node_modules\appium-uiautomator2-driver\lib\commands\general.js:193:5)
[38;5;0m[HTTP][0m [37m<-- POST /session/7d7bfa57-6c7f-47a1-883b-b449de56bcfd/url [39m[31m500[39m [90m163 ms - 1238[39m
[38;5;0m[HTTP][0m [90m[39m
[38;5;0m[HTTP][0m [37m-->[39m [37mPOST[39m [37m/session/7d7bfa57-6c7f-47a1-883b-b449de56bcfd/url[39m
[38;5;0m[HTTP][0m [90m{"url":"https://the-internet.herokuapp.com/login"}[39m
[38;5;32m[AndroidUiautomator2Driver@50ec (7d7bfa57)][0m Calling AppiumDriver.setUrl() with args: ["https://the-internet.herokuapp.com/login","7d7bfa57-6c7f-47a1-883b-b449de56bcfd"]
[38;5;48m[ADB][0m Running 'C:\Users\Hassan Ajmal\AppData\Local\Android\Sdk\platform-tools\adb.exe -P 5037 -s fb98571c shell am start -W -a android.intent.action.VIEW -d https://the-internet.herokuapp.com/login com.wdiodemoapp'
[38;5;32m[AndroidUiautomator2Driver@50ec (7d7bfa57)][0m Encountered internal error running command: Error: Error attempting to start URI. Original error: Error: Starting: Intent { act=android.intent.action.VIEW dat=https://the-internet.herokuapp.com/... pkg=com.wdiodemoapp }
[38;5;32m[AndroidUiautomator2Driver@50ec (7d7bfa57)][0m Error: Activity not started, unable to resolve Intent { act=android.intent.action.VIEW dat=https://the-internet.herokuapp.com/... flg=0x10000000 pkg=com.wdiodemoapp }
[38;5;32m[AndroidUiautomator2Driver@50ec (7d7bfa57)][0m     at ADB.startUri (C:\Users\Hassan Ajmal\.appium\node_modules\appium-uiautomator2-driver\node_modules\appium-adb\lib\tools\apk-utils.js:90:11)
[38;5;32m[AndroidUiautomator2Driver@50ec (7d7bfa57)][0m     at AndroidUiautomator2Driver.setUrl (C:\Users\Hassan Ajmal\.appium\node_modules\appium-uiautomator2-driver\lib\commands\general.js:193:5)
[38;5;0m[HTTP][0m [37m<-- POST /session/7d7bfa57-6c7f-47a1-883b-b449de56bcfd/url [39m[31m500[39m [90m162 ms - 1238[39m
[38;5;0m[HTTP][0m [90m[39m
[38;5;0m[HTTP][0m [37m-->[39m [37mPOST[39m [37m/session/7d7bfa57-6c7f-47a1-883b-b449de56bcfd/url[39m
[38;5;0m[HTTP][0m [90m{"url":"https://the-internet.herokuapp.com/login"}[39m
[38;5;32m[AndroidUiautomator2Driver@50ec (7d7bfa57)][0m Calling AppiumDriver.setUrl() with args: ["https://the-internet.herokuapp.com/login","7d7bfa57-6c7f-47a1-883b-b449de56bcfd"]
[38;5;48m[ADB][0m Running 'C:\Users\Hassan Ajmal\AppData\Local\Android\Sdk\platform-tools\adb.exe -P 5037 -s fb98571c shell am start -W -a android.intent.action.VIEW -d https://the-internet.herokuapp.com/login com.wdiodemoapp'
[38;5;32m[AndroidUiautomator2Driver@50ec (7d7bfa57)][0m Encountered internal error running command: Error: Error attempting to start URI. Original error: Error: Starting: Intent { act=android.intent.action.VIEW dat=https://the-internet.herokuapp.com/... pkg=com.wdiodemoapp }
[38;5;32m[AndroidUiautomator2Driver@50ec (7d7bfa57)][0m Error: Activity not started, unable to resolve Intent { act=android.intent.action.VIEW dat=https://the-internet.herokuapp.com/... flg=0x10000000 pkg=com.wdiodemoapp }
[38;5;32m[AndroidUiautomator2Driver@50ec (7d7bfa57)][0m     at ADB.startUri (C:\Users\Hassan Ajmal\.appium\node_modules\appium-uiautomator2-driver\node_modules\appium-adb\lib\tools\apk-utils.js:90:11)
[38;5;32m[AndroidUiautomator2Driver@50ec (7d7bfa57)][0m     at AndroidUiautomator2Driver.setUrl (C:\Users\Hassan Ajmal\.appium\node_modules\appium-uiautomator2-driver\lib\commands\general.js:193:5)
[38;5;0m[HTTP][0m [37m<-- POST /session/7d7bfa57-6c7f-47a1-883b-b449de56bcfd/url [39m[31m500[39m [90m141 ms - 1238[39m
[38;5;0m[HTTP][0m [90m[39m
[38;5;0m[HTTP][0m [37m-->[39m [37mPOST[39m [37m/session/7d7bfa57-6c7f-47a1-883b-b449de56bcfd/url[39m
[38;5;0m[HTTP][0m [90m{"url":"https://the-internet.herokuapp.com/login"}[39m
[38;5;32m[AndroidUiautomator2Driver@50ec (7d7bfa57)][0m Calling AppiumDriver.setUrl() with args: ["https://the-internet.herokuapp.com/login","7d7bfa57-6c7f-47a1-883b-b449de56bcfd"]
[38;5;48m[ADB][0m Running 'C:\Users\Hassan Ajmal\AppData\Local\Android\Sdk\platform-tools\adb.exe -P 5037 -s fb98571c shell am start -W -a android.intent.action.VIEW -d https://the-internet.herokuapp.com/login com.wdiodemoapp'
[38;5;32m[AndroidUiautomator2Driver@50ec (7d7bfa57)][0m Encountered internal error running command: Error: Error attempting to start URI. Original error: Error: Starting: Intent { act=android.intent.action.VIEW dat=https://the-internet.herokuapp.com/... pkg=com.wdiodemoapp }
[38;5;32m[AndroidUiautomator2Driver@50ec (7d7bfa57)][0m Error: Activity not started, unable to resolve Intent { act=android.intent.action.VIEW dat=https://the-internet.herokuapp.com/... flg=0x10000000 pkg=com.wdiodemoapp }
[38;5;32m[AndroidUiautomator2Driver@50ec (7d7bfa57)][0m     at ADB.startUri (C:\Users\Hassan Ajmal\.appium\node_modules\appium-uiautomator2-driver\node_modules\appium-adb\lib\tools\apk-utils.js:90:11)
[38;5;32m[AndroidUiautomator2Driver@50ec (7d7bfa57)][0m     at AndroidUiautomator2Driver.setUrl (C:\Users\Hassan Ajmal\.appium\node_modules\appium-uiautomator2-driver\lib\commands\general.js:193:5)
[38;5;0m[HTTP][0m [37m<-- POST /session/7d7bfa57-6c7f-47a1-883b-b449de56bcfd/url [39m[31m500[39m [90m142 ms - 1238[39m
[38;5;0m[HTTP][0m [90m[39m
[38;5;0m[HTTP][0m [37m-->[39m [37mPOST[39m [37m/session/7d7bfa57-6c7f-47a1-883b-b449de56bcfd/url[39m
[38;5;0m[HTTP][0m [90m{"url":"https://the-internet.herokuapp.com/login"}[39m
[38;5;32m[AndroidUiautomator2Driver@50ec (7d7bfa57)][0m Calling AppiumDriver.setUrl() with args: ["https://the-internet.herokuapp.com/login","7d7bfa57-6c7f-47a1-883b-b449de56bcfd"]
[38;5;48m[ADB][0m Running 'C:\Users\Hassan Ajmal\AppData\Local\Android\Sdk\platform-tools\adb.exe -P 5037 -s fb98571c shell am start -W -a android.intent.action.VIEW -d https://the-internet.herokuapp.com/login com.wdiodemoapp'
[38;5;32m[AndroidUiautomator2Driver@50ec (7d7bfa57)][0m Encountered internal error running command: Error: Error attempting to start URI. Original error: Error: Starting: Intent { act=android.intent.action.VIEW dat=https://the-internet.herokuapp.com/... pkg=com.wdiodemoapp }
[38;5;32m[AndroidUiautomator2Driver@50ec (7d7bfa57)][0m Error: Activity not started, unable to resolve Intent { act=android.intent.action.VIEW dat=https://the-internet.herokuapp.com/... flg=0x10000000 pkg=com.wdiodemoapp }
[38;5;32m[AndroidUiautomator2Driver@50ec (7d7bfa57)][0m     at ADB.startUri (C:\Users\Hassan Ajmal\.appium\node_modules\appium-uiautomator2-driver\node_modules\appium-adb\lib\tools\apk-utils.js:90:11)
[38;5;32m[AndroidUiautomator2Driver@50ec (7d7bfa57)][0m     at AndroidUiautomator2Driver.setUrl (C:\Users\Hassan Ajmal\.appium\node_modules\appium-uiautomator2-driver\lib\commands\general.js:193:5)
[38;5;0m[HTTP][0m [37m<-- POST /session/7d7bfa57-6c7f-47a1-883b-b449de56bcfd/url [39m[31m500[39m [90m139 ms - 1238[39m
[38;5;0m[HTTP][0m [90m[39m
[38;5;0m[HTTP][0m [37m-->[39m [37mPOST[39m [37m/session/7d7bfa57-6c7f-47a1-883b-b449de56bcfd/url[39m
[38;5;0m[HTTP][0m [90m{"url":"https://the-internet.herokuapp.com/login"}[39m
[38;5;32m[AndroidUiautomator2Driver@50ec (7d7bfa57)][0m Calling AppiumDriver.setUrl() with args: ["https://the-internet.herokuapp.com/login","7d7bfa57-6c7f-47a1-883b-b449de56bcfd"]
[38;5;48m[ADB][0m Running 'C:\Users\Hassan Ajmal\AppData\Local\Android\Sdk\platform-tools\adb.exe -P 5037 -s fb98571c shell am start -W -a android.intent.action.VIEW -d https://the-internet.herokuapp.com/login com.wdiodemoapp'
[38;5;32m[AndroidUiautomator2Driver@50ec (7d7bfa57)][0m Encountered internal error running command: Error: Error attempting to start URI. Original error: Error: Starting: Intent { act=android.intent.action.VIEW dat=https://the-internet.herokuapp.com/... pkg=com.wdiodemoapp }
[38;5;32m[AndroidUiautomator2Driver@50ec (7d7bfa57)][0m Error: Activity not started, unable to resolve Intent { act=android.intent.action.VIEW dat=https://the-internet.herokuapp.com/... flg=0x10000000 pkg=com.wdiodemoapp }
[38;5;32m[AndroidUiautomator2Driver@50ec (7d7bfa57)][0m     at ADB.startUri (C:\Users\Hassan Ajmal\.appium\node_modules\appium-uiautomator2-driver\node_modules\appium-adb\lib\tools\apk-utils.js:90:11)
[38;5;32m[AndroidUiautomator2Driver@50ec (7d7bfa57)][0m     at AndroidUiautomator2Driver.setUrl (C:\Users\Hassan Ajmal\.appium\node_modules\appium-uiautomator2-driver\lib\commands\general.js:193:5)
[38;5;0m[HTTP][0m [37m<-- POST /session/7d7bfa57-6c7f-47a1-883b-b449de56bcfd/url [39m[31m500[39m [90m145 ms - 1238[39m
[38;5;0m[HTTP][0m [90m[39m
[38;5;0m[HTTP][0m [37m-->[39m [37mPOST[39m [37m/session/7d7bfa57-6c7f-47a1-883b-b449de56bcfd/url[39m
[38;5;0m[HTTP][0m [90m{"url":"https://the-internet.herokuapp.com/login"}[39m
[38;5;32m[AndroidUiautomator2Driver@50ec (7d7bfa57)][0m Calling AppiumDriver.setUrl() with args: ["https://the-internet.herokuapp.com/login","7d7bfa57-6c7f-47a1-883b-b449de56bcfd"]
[38;5;48m[ADB][0m Running 'C:\Users\Hassan Ajmal\AppData\Local\Android\Sdk\platform-tools\adb.exe -P 5037 -s fb98571c shell am start -W -a android.intent.action.VIEW -d https://the-internet.herokuapp.com/login com.wdiodemoapp'
[38;5;32m[AndroidUiautomator2Driver@50ec (7d7bfa57)][0m Encountered internal error running command: Error: Error attempting to start URI. Original error: Error: Starting: Intent { act=android.intent.action.VIEW dat=https://the-internet.herokuapp.com/... pkg=com.wdiodemoapp }
[38;5;32m[AndroidUiautomator2Driver@50ec (7d7bfa57)][0m Error: Activity not started, unable to resolve Intent { act=android.intent.action.VIEW dat=https://the-internet.herokuapp.com/... flg=0x10000000 pkg=com.wdiodemoapp }
[38;5;32m[AndroidUiautomator2Driver@50ec (7d7bfa57)][0m     at ADB.startUri (C:\Users\Hassan Ajmal\.appium\node_modules\appium-uiautomator2-driver\node_modules\appium-adb\lib\tools\apk-utils.js:90:11)
[38;5;32m[AndroidUiautomator2Driver@50ec (7d7bfa57)][0m     at AndroidUiautomator2Driver.setUrl (C:\Users\Hassan Ajmal\.appium\node_modules\appium-uiautomator2-driver\lib\commands\general.js:193:5)
[38;5;0m[HTTP][0m [37m<-- POST /session/7d7bfa57-6c7f-47a1-883b-b449de56bcfd/url [39m[31m500[39m [90m184 ms - 1238[39m
[38;5;0m[HTTP][0m [90m[39m
[38;5;0m[HTTP][0m [37m-->[39m [37mPOST[39m [37m/session/7d7bfa57-6c7f-47a1-883b-b449de56bcfd/url[39m
[38;5;0m[HTTP][0m [90m{"url":"https://the-internet.herokuapp.com/login"}[39m
[38;5;32m[AndroidUiautomator2Driver@50ec (7d7bfa57)][0m Calling AppiumDriver.setUrl() with args: ["https://the-internet.herokuapp.com/login","7d7bfa57-6c7f-47a1-883b-b449de56bcfd"]
[38;5;48m[ADB][0m Running 'C:\Users\Hassan Ajmal\AppData\Local\Android\Sdk\platform-tools\adb.exe -P 5037 -s fb98571c shell am start -W -a android.intent.action.VIEW -d https://the-internet.herokuapp.com/login com.wdiodemoapp'
[38;5;32m[AndroidUiautomator2Driver@50ec (7d7bfa57)][0m Encountered internal error running command: Error: Error attempting to start URI. Original error: Error: Starting: Intent { act=android.intent.action.VIEW dat=https://the-internet.herokuapp.com/... pkg=com.wdiodemoapp }
[38;5;32m[AndroidUiautomator2Driver@50ec (7d7bfa57)][0m Error: Activity not started, unable to resolve Intent { act=android.intent.action.VIEW dat=https://the-internet.herokuapp.com/... flg=0x10000000 pkg=com.wdiodemoapp }
[38;5;32m[AndroidUiautomator2Driver@50ec (7d7bfa57)][0m     at ADB.startUri (C:\Users\Hassan Ajmal\.appium\node_modules\appium-uiautomator2-driver\node_modules\appium-adb\lib\tools\apk-utils.js:90:11)
[38;5;32m[AndroidUiautomator2Driver@50ec (7d7bfa57)][0m     at AndroidUiautomator2Driver.setUrl (C:\Users\Hassan Ajmal\.appium\node_modules\appium-uiautomator2-driver\lib\commands\general.js:193:5)
[38;5;0m[HTTP][0m [37m<-- POST /session/7d7bfa57-6c7f-47a1-883b-b449de56bcfd/url [39m[31m500[39m [90m145 ms - 1238[39m
[38;5;0m[HTTP][0m [90m[39m
[38;5;0m[HTTP][0m [37m-->[39m [37mPOST[39m [37m/session/7d7bfa57-6c7f-47a1-883b-b449de56bcfd/url[39m
[38;5;0m[HTTP][0m [90m{"url":"https://the-internet.herokuapp.com/login"}[39m
[38;5;32m[AndroidUiautomator2Driver@50ec (7d7bfa57)][0m Calling AppiumDriver.setUrl() with args: ["https://the-internet.herokuapp.com/login","7d7bfa57-6c7f-47a1-883b-b449de56bcfd"]
[38;5;48m[ADB][0m Running 'C:\Users\Hassan Ajmal\AppData\Local\Android\Sdk\platform-tools\adb.exe -P 5037 -s fb98571c shell am start -W -a android.intent.action.VIEW -d https://the-internet.herokuapp.com/login com.wdiodemoapp'
[38;5;32m[AndroidUiautomator2Driver@50ec (7d7bfa57)][0m Encountered internal error running command: Error: Error attempting to start URI. Original error: Error: Starting: Intent { act=android.intent.action.VIEW dat=https://the-internet.herokuapp.com/... pkg=com.wdiodemoapp }
[38;5;32m[AndroidUiautomator2Driver@50ec (7d7bfa57)][0m Error: Activity not started, unable to resolve Intent { act=android.intent.action.VIEW dat=https://the-internet.herokuapp.com/... flg=0x10000000 pkg=com.wdiodemoapp }
[38;5;32m[AndroidUiautomator2Driver@50ec (7d7bfa57)][0m     at ADB.startUri (C:\Users\Hassan Ajmal\.appium\node_modules\appium-uiautomator2-driver\node_modules\appium-adb\lib\tools\apk-utils.js:90:11)
[38;5;32m[AndroidUiautomator2Driver@50ec (7d7bfa57)][0m     at AndroidUiautomator2Driver.setUrl (C:\Users\Hassan Ajmal\.appium\node_modules\appium-uiautomator2-driver\lib\commands\general.js:193:5)
[38;5;0m[HTTP][0m [37m<-- POST /session/7d7bfa57-6c7f-47a1-883b-b449de56bcfd/url [39m[31m500[39m [90m136 ms - 1238[39m
[38;5;0m[HTTP][0m [90m[39m
[38;5;0m[HTTP][0m [37m-->[39m [37mPOST[39m [37m/session/7d7bfa57-6c7f-47a1-883b-b449de56bcfd/url[39m
[38;5;0m[HTTP][0m [90m{"url":"https://the-internet.herokuapp.com/login"}[39m
[38;5;32m[AndroidUiautomator2Driver@50ec (7d7bfa57)][0m Calling AppiumDriver.setUrl() with args: ["https://the-internet.herokuapp.com/login","7d7bfa57-6c7f-47a1-883b-b449de56bcfd"]
[38;5;48m[ADB][0m Running 'C:\Users\Hassan Ajmal\AppData\Local\Android\Sdk\platform-tools\adb.exe -P 5037 -s fb98571c shell am start -W -a android.intent.action.VIEW -d https://the-internet.herokuapp.com/login com.wdiodemoapp'
[38;5;32m[AndroidUiautomator2Driver@50ec (7d7bfa57)][0m Encountered internal error running command: Error: Error attempting to start URI. Original error: Error: Starting: Intent { act=android.intent.action.VIEW dat=https://the-internet.herokuapp.com/... pkg=com.wdiodemoapp }
[38;5;32m[AndroidUiautomator2Driver@50ec (7d7bfa57)][0m Error: Activity not started, unable to resolve Intent { act=android.intent.action.VIEW dat=https://the-internet.herokuapp.com/... flg=0x10000000 pkg=com.wdiodemoapp }
[38;5;32m[AndroidUiautomator2Driver@50ec (7d7bfa57)][0m     at ADB.startUri (C:\Users\Hassan Ajmal\.appium\node_modules\appium-uiautomator2-driver\node_modules\appium-adb\lib\tools\apk-utils.js:90:11)
[38;5;32m[AndroidUiautomator2Driver@50ec (7d7bfa57)][0m     at AndroidUiautomator2Driver.setUrl (C:\Users\Hassan Ajmal\.appium\node_modules\appium-uiautomator2-driver\lib\commands\general.js:193:5)
[38;5;0m[HTTP][0m [37m<-- POST /session/7d7bfa57-6c7f-47a1-883b-b449de56bcfd/url [39m[31m500[39m [90m136 ms - 1238[39m
[38;5;0m[HTTP][0m [90m[39m
[38;5;0m[HTTP][0m [37m-->[39m [37mPOST[39m [37m/session/7d7bfa57-6c7f-47a1-883b-b449de56bcfd/url[39m
[38;5;0m[HTTP][0m [90m{"url":"https://the-internet.herokuapp.com/login"}[39m
[38;5;32m[AndroidUiautomator2Driver@50ec (7d7bfa57)][0m Calling AppiumDriver.setUrl() with args: ["https://the-internet.herokuapp.com/login","7d7bfa57-6c7f-47a1-883b-b449de56bcfd"]
[38;5;48m[ADB][0m Running 'C:\Users\Hassan Ajmal\AppData\Local\Android\Sdk\platform-tools\adb.exe -P 5037 -s fb98571c shell am start -W -a android.intent.action.VIEW -d https://the-internet.herokuapp.com/login com.wdiodemoapp'
[38;5;32m[AndroidUiautomator2Driver@50ec (7d7bfa57)][0m Encountered internal error running command: Error: Error attempting to start URI. Original error: Error: Starting: Intent { act=android.intent.action.VIEW dat=https://the-internet.herokuapp.com/... pkg=com.wdiodemoapp }
[38;5;32m[AndroidUiautomator2Driver@50ec (7d7bfa57)][0m Error: Activity not started, unable to resolve Intent { act=android.intent.action.VIEW dat=https://the-internet.herokuapp.com/... flg=0x10000000 pkg=com.wdiodemoapp }
[38;5;32m[AndroidUiautomator2Driver@50ec (7d7bfa57)][0m     at ADB.startUri (C:\Users\Hassan Ajmal\.appium\node_modules\appium-uiautomator2-driver\node_modules\appium-adb\lib\tools\apk-utils.js:90:11)
[38;5;32m[AndroidUiautomator2Driver@50ec (7d7bfa57)][0m     at AndroidUiautomator2Driver.setUrl (C:\Users\Hassan Ajmal\.appium\node_modules\appium-uiautomator2-driver\lib\commands\general.js:193:5)
[38;5;0m[HTTP][0m [37m<-- POST /session/7d7bfa57-6c7f-47a1-883b-b449de56bcfd/url [39m[31m500[39m [90m163 ms - 1238[39m
[38;5;0m[HTTP][0m [90m[39m
[38;5;0m[HTTP][0m [37m-->[39m [37mDELETE[39m [37m/session/7d7bfa57-6c7f-47a1-883b-b449de56bcfd[39m
[38;5;0m[HTTP][0m [90m{}[39m
[38;5;32m[AndroidUiautomator2Driver@50ec (7d7bfa57)][0m Calling AppiumDriver.deleteSession() with args: ["7d7bfa57-6c7f-47a1-883b-b449de56bcfd"]
[38;5;16m[AppiumDriver@5fd5][0m Event 'quitSessionRequested' logged at 1700037341250 (13:35:41 GMT+0500 (Pakistan Standard Time))
[38;5;16m[AppiumDriver@5fd5][0m Removing session 7d7bfa57-6c7f-47a1-883b-b449de56bcfd from our master session list
[38;5;32m[AndroidUiautomator2Driver@50ec (7d7bfa57)][0m Deleting UiAutomator2 session
[38;5;32m[AndroidUiautomator2Driver@50ec (7d7bfa57)][0m Deleting UiAutomator2 server session
[38;5;32m[AndroidUiautomator2Driver@50ec (7d7bfa57)][0m Matched '/' to command name 'deleteSession'
[38;5;32m[AndroidUiautomator2Driver@50ec (7d7bfa57)][0m Proxying [DELETE /] to [DELETE http://127.0.0.1:8200/session/ee6a347d-8e43-4977-98e8-04ed68e4ffb9] with no body
[38;5;32m[AndroidUiautomator2Driver@50ec (7d7bfa57)][0m Got response with status 200: {"sessionId":"ee6a347d-8e43-4977-98e8-04ed68e4ffb9","value":null}
[38;5;48m[ADB][0m Running 'C:\Users\Hassan Ajmal\AppData\Local\Android\Sdk\platform-tools\adb.exe -P 5037 -s fb98571c shell dumpsys activity services io.appium.settings/.recorder.RecorderService'
[38;5;80m[Logcat][0m Stopping logcat capture
[38;5;48m[ADB][0m Removing forwarded port socket connection: 8200 
[38;5;48m[ADB][0m Running 'C:\Users\Hassan Ajmal\AppData\Local\Android\Sdk\platform-tools\adb.exe -P 5037 -s fb98571c forward --remove tcp:8200'
[38;5;32m[AndroidUiautomator2Driver@50ec (7d7bfa57)][0m Restoring hidden api policy to the device default configuration
[38;5;48m[ADB][0m Running 'C:\Users\Hassan Ajmal\AppData\Local\Android\Sdk\platform-tools\adb.exe -P 5037 -s fb98571c shell 'settings delete global hidden_api_policy_pre_p_apps;settings delete global hidden_api_policy_p_apps;settings delete global hidden_api_policy''
[38;5;16m[AppiumDriver@5fd5][0m Event 'quitSessionFinished' logged at 1700037341648 (13:35:41 GMT+0500 (Pakistan Standard Time))
[38;5;16m[AppiumDriver@5fd5][0m Received response: null
[38;5;16m[AppiumDriver@5fd5][0m But deleting session, so not returning
[38;5;16m[AppiumDriver@5fd5][0m Responding to client with driver.deleteSession() result: null
[38;5;0m[HTTP][0m [37m<-- DELETE /session/7d7bfa57-6c7f-47a1-883b-b449de56bcfd [39m[32m200[39m [90m399 ms - 14[39m
[38;5;0m[HTTP][0m [90m[39m
